{
  "stats": {
    "suites": 1,
    "tests": 7,
    "passes": 5,
    "pending": 0,
    "failures": 2,
    "start": "2024-09-01T11:40:46.228Z",
    "end": "2024-09-01T11:41:57.121Z",
    "duration": 70893,
    "testsRegistered": 7,
    "passPercent": 71.42857142857143,
    "pendingPercent": 0,
    "other": 0,
    "hasOther": false,
    "skipped": 0,
    "hasSkipped": false
  },
  "results": [
    {
      "uuid": "169e0d16-d656-4628-90ad-b2ffa3e04b93",
      "title": "",
      "fullFile": "cypress\\e2e\\orangehrm_e2e.cy.js",
      "file": "cypress\\e2e\\orangehrm_e2e.cy.js",
      "beforeHooks": [],
      "afterHooks": [],
      "tests": [],
      "suites": [
        {
          "uuid": "930c3580-ed5f-4759-9aca-e8a4b844ac35",
          "title": "OrangeHRM End to End Testing",
          "fullFile": "",
          "file": "",
          "beforeHooks": [],
          "afterHooks": [],
          "tests": [
            {
              "title": "Creating a New Employee",
              "fullTitle": "OrangeHRM End to End Testing Creating a New Employee",
              "timedOut": null,
              "duration": 27725,
              "state": "passed",
              "speed": "slow",
              "pass": true,
              "fail": false,
              "pending": false,
              "context": null,
              "code": "const mainMenu = new _mainMenu.default();\nconst addEmployee = new _addEmployee.default();\ncy.visit('/');\ncy.waitTillElementIsVisible('h6');\ncy.get('h6').should(\"have.text\", \"Dashboard\");\nmainMenu.getPIM().click();\naddEmployee.getAddButton().click();\naddEmployee.getFirstName().type(firstName);\naddEmployee.getLastName().type(lastName);\naddEmployee.getLoginDetailsToggleButton().click({\n  force: true\n});\naddEmployee.getUsername().type(username);\naddEmployee.getPassword().type(password);\naddEmployee.getConfirmPassword().type(password);\naddEmployee.getEmployeeId().invoke('val').then(employeeId => {\n  cy.writeFile(`cypress/fixtures/${employeeDataFile}`, {\n    username,\n    password,\n    employeeId\n  });\n});\naddEmployee.getSaveButton().click({\n  force: true\n});\naddEmployee.getToastMessage().should(\"have.text\", \"Successfully Saved\");\ncy.waitTillElementIsVisible('h6');\ncy.get('h6').should(\"contain.text\", fullName);",
              "err": {},
              "uuid": "7c3e3d94-5c19-4a74-ae90-a97963793633",
              "parentUUID": "930c3580-ed5f-4759-9aca-e8a4b844ac35",
              "isHook": false,
              "skipped": false
            },
            {
              "title": "Search by Employee ID",
              "fullTitle": "OrangeHRM End to End Testing Search by Employee ID",
              "timedOut": null,
              "duration": 11588,
              "state": "failed",
              "speed": null,
              "pass": false,
              "fail": true,
              "pending": false,
              "context": "{\n  \"title\": \"cypress-mochawesome-reporter-screenshots\",\n  \"value\": [\n    [\n      \"\\\\orangehrm_e2e.cy.js\\\\OrangeHRM End to End Testing -- Search by Employee ID (failed).png\"\n    ]\n  ]\n}",
              "code": "const mainMenu = new _mainMenu.default();\nconst addEmployee = new _addEmployee.default();\ncy.visit(lastUrl);\nmainMenu.getPIM().click();\ncy.waitTillElementIsVisible('h6');\ncy.get('h6').should(\"contain.text\", 'PIM');\ncy.fixture(employeeDataFile).then(employee => {\n  addEmployee.getEmployeeId().type(employee.employeeId);\n  addEmployee.getSearchEmployeeButton().click({\n    force: true\n  });\n  addEmployee.getTableCell().contains(employee.employeeId).should('be.visible');\n});",
              "err": {
                "message": "AssertionError: Timed out retrying after 4000ms: Expected to find content: '0385' within the element: <div.oxd-table-cell.oxd-padding-cell> but never did.",
                "estack": "AssertionError: Timed out retrying after 4000ms: Expected to find content: '0385' within the element: <div.oxd-table-cell.oxd-padding-cell> but never did.\n    at Context.eval (webpack://cypress_e2e_orange_hrm/./cypress/e2e/orangehrm_e2e.cy.js:103:63)",
                "diff": null
              },
              "uuid": "a849af40-d65b-4af7-9f48-95c7f04d3097",
              "parentUUID": "930c3580-ed5f-4759-9aca-e8a4b844ac35",
              "isHook": false,
              "skipped": false
            },
            {
              "title": "Search in Directory by Employee Name",
              "fullTitle": "OrangeHRM End to End Testing Search in Directory by Employee Name",
              "timedOut": null,
              "duration": 5699,
              "state": "passed",
              "speed": "medium",
              "pass": true,
              "fail": false,
              "pending": false,
              "context": null,
              "code": "cy.visit(lastUrl);\nconst mainMenu = new _mainMenu.default();\nconst directory = new _directory.default();\nmainMenu.getDirectory().click();\ncy.waitTillElementIsVisible('h6');\ncy.get('h6').should(\"contain.text\", 'Directory');\ncy.fixture(employeeDataFile).then(employee => {\n  directory.getEmployeeNameField().type(firstName);\n  directory.getAutoCompleteDropdown().click();\n  directory.getSearchButton().click();\n  directory.getEmployeeCardHeader().invoke('text').then(text => {\n    const normalizedText = text.replace(/\\s+/g, ' ').trim();\n    expect(normalizedText).to.eq(fullName);\n  });\n});",
              "err": {},
              "uuid": "fe760180-b1eb-4f01-84f1-98823a858ec1",
              "parentUUID": "930c3580-ed5f-4759-9aca-e8a4b844ac35",
              "isHook": false,
              "skipped": false
            },
            {
              "title": "Logout",
              "fullTitle": "OrangeHRM End to End Testing Logout",
              "timedOut": null,
              "duration": 3099,
              "state": "passed",
              "speed": "fast",
              "pass": true,
              "fail": false,
              "pending": false,
              "context": null,
              "code": "cy.visit(lastUrl);\nconst userMenu = new _userMenu.default();\nuserMenu.getUserMenu().click({\n  force: true\n});\nuserMenu.getLogoutOption().click({\n  force: true\n});\nadminUser = false;\ncy.clearCookies();\ncy.clearLocalStorage();",
              "err": {},
              "uuid": "9274234d-8588-41ef-825d-d9e9be0e56f8",
              "parentUUID": "930c3580-ed5f-4759-9aca-e8a4b844ac35",
              "isHook": false,
              "skipped": false
            },
            {
              "title": "Login with New Employee Credentials",
              "fullTitle": "OrangeHRM End to End Testing Login with New Employee Credentials",
              "timedOut": null,
              "duration": 5700,
              "state": "passed",
              "speed": "medium",
              "pass": true,
              "fail": false,
              "pending": false,
              "context": null,
              "code": "cy.visit('/');\nconst userMenu = new _userMenu.default();\ncy.waitTillElementIsVisible('h6');\ncy.get('h6').should(\"have.text\", \"Dashboard\");\nuserMenu.getUserNameText().should('contain.text', fullName);",
              "err": {},
              "uuid": "a6506e5b-56bf-4cfc-b69c-9acb9a156aa2",
              "parentUUID": "930c3580-ed5f-4759-9aca-e8a4b844ac35",
              "isHook": false,
              "skipped": false
            },
            {
              "title": "Update User Info",
              "fullTitle": "OrangeHRM End to End Testing Update User Info",
              "timedOut": null,
              "duration": 10373,
              "state": "failed",
              "speed": null,
              "pass": false,
              "fail": true,
              "pending": false,
              "context": "{\n  \"title\": \"cypress-mochawesome-reporter-screenshots\",\n  \"value\": [\n    [\n      \"\\\\orangehrm_e2e.cy.js\\\\OrangeHRM End to End Testing -- Update User Info (failed).png\"\n    ]\n  ]\n}",
              "code": "const myInfo = new _myInfoPage.default();\ncy.visit(lastUrl);\nconst mainMenu = new _mainMenu.default();\nmainMenu.getMyInfo().click({\n  force: true\n});\ncy.waitTillElementIsVisible('h6');\ncy.get('h6').should(\"contain.text\", fullName);\nmyInfo.getFemaleGenderRadioButton().scrollIntoView().click({\n  force: true\n});\nmyInfo.getPersonalDetailsSaveButton().click({\n  force: true\n});\nmyInfo.getBloodGroupDropdown().scrollIntoView().click({\n  force: true\n});\nmyInfo.SelectBloodGroup('O+').click({\n  force: true\n});\nmyInfo.getCustomDetailsSaveButton().click({\n  force: true\n});\nmyInfo.getSuccessToastMessage().should(\"have.text\", \"Successfully Saved\");",
              "err": {
                "message": "AssertionError: Timed out retrying after 4000ms: Expected to find element: `.oxd-text--toast-message`, but never found it.",
                "estack": "AssertionError: Timed out retrying after 4000ms: Expected to find element: `.oxd-text--toast-message`, but never found it.\n    at Context.eval (webpack://cypress_e2e_orange_hrm/./cypress/e2e/orangehrm_e2e.cy.js:164:36)",
                "diff": null
              },
              "uuid": "07fc11f4-05e4-4885-b19b-a40ae8578779",
              "parentUUID": "930c3580-ed5f-4759-9aca-e8a4b844ac35",
              "isHook": false,
              "skipped": false
            },
            {
              "title": "Logout as New Employee",
              "fullTitle": "OrangeHRM End to End Testing Logout as New Employee",
              "timedOut": null,
              "duration": 4228,
              "state": "passed",
              "speed": "fast",
              "pass": true,
              "fail": false,
              "pending": false,
              "context": null,
              "code": "cy.visit(lastUrl);\nconst userMenu = new _userMenu.default();\nuserMenu.getUserMenu().click({\n  force: true\n});\nuserMenu.getLogoutOption().click({\n  force: true\n});\nadminUser = false;\ncy.clearCookies();\ncy.clearLocalStorage();",
              "err": {},
              "uuid": "629532dd-983a-4d68-b4a6-d8fae6beab5c",
              "parentUUID": "930c3580-ed5f-4759-9aca-e8a4b844ac35",
              "isHook": false,
              "skipped": false
            }
          ],
          "suites": [],
          "passes": [
            "7c3e3d94-5c19-4a74-ae90-a97963793633",
            "fe760180-b1eb-4f01-84f1-98823a858ec1",
            "9274234d-8588-41ef-825d-d9e9be0e56f8",
            "a6506e5b-56bf-4cfc-b69c-9acb9a156aa2",
            "629532dd-983a-4d68-b4a6-d8fae6beab5c"
          ],
          "failures": [
            "a849af40-d65b-4af7-9f48-95c7f04d3097",
            "07fc11f4-05e4-4885-b19b-a40ae8578779"
          ],
          "pending": [],
          "skipped": [],
          "duration": 68412,
          "root": false,
          "rootEmpty": false,
          "_timeout": 2000
        }
      ],
      "passes": [],
      "failures": [],
      "pending": [],
      "skipped": [],
      "duration": 0,
      "root": true,
      "rootEmpty": true,
      "_timeout": 2000
    }
  ],
  "meta": {
    "mocha": {
      "version": "7.0.1"
    },
    "mochawesome": {
      "options": {
        "quiet": false,
        "reportFilename": "mochawesome",
        "saveHtml": false,
        "saveJson": true,
        "consoleReporter": "spec",
        "useInlineDiffs": false,
        "code": true
      },
      "version": "7.1.3"
    },
    "marge": {
      "options": {
        "charts": true,
        "reportPageTitle": "custom-title",
        "embeddedScreenshots": true,
        "inlineAssets": true,
        "saveAllAttempts": false,
        "html": false,
        "reportDir": "cypress\\reports\\.jsons",
        "overwrite": false,
        "json": true
      },
      "version": "6.2.0"
    }
  }
}