{
  "stats": {
    "suites": 1,
    "tests": 7,
    "passes": 1,
    "pending": 0,
    "failures": 6,
    "start": "2024-09-01T11:33:15.207Z",
    "end": "2024-09-01T11:34:36.350Z",
    "duration": 81143,
    "testsRegistered": 7,
    "passPercent": 14.285714285714285,
    "pendingPercent": 0,
    "other": 0,
    "hasOther": false,
    "skipped": 0,
    "hasSkipped": false
  },
  "results": [
    {
      "uuid": "bbed988a-c9db-43b7-a273-f9c45f2fa065",
      "title": "",
      "fullFile": "cypress\\e2e\\orangehrm_e2e.cy.js",
      "file": "cypress\\e2e\\orangehrm_e2e.cy.js",
      "beforeHooks": [],
      "afterHooks": [],
      "tests": [],
      "suites": [
        {
          "uuid": "d81170a6-c154-48dc-a975-61c6c0b55884",
          "title": "OrangeHRM End to End Testing",
          "fullFile": "",
          "file": "",
          "beforeHooks": [],
          "afterHooks": [],
          "tests": [
            {
              "title": "Creating a New Employee",
              "fullTitle": "OrangeHRM End to End Testing Creating a New Employee",
              "timedOut": null,
              "duration": 22599,
              "state": "failed",
              "speed": null,
              "pass": false,
              "fail": true,
              "pending": false,
              "context": "{\n  \"title\": \"cypress-mochawesome-reporter-screenshots\",\n  \"value\": [\n    [\n      \"\\\\orangehrm_e2e.cy.js\\\\OrangeHRM End to End Testing -- Creating a New Employee (failed).png\"\n    ]\n  ]\n}",
              "code": "const mainMenu = new _mainMenu.default();\nconst addEmployee = new _addEmployee.default();\ncy.visit('/');\ncy.waitTillElementIsVisible('h6');\ncy.get('h6').should(\"have.text\", \"Dashboard\");\nmainMenu.getPIM().click();\naddEmployee.getAddButton().click();\naddEmployee.getFirstName().type(firstName);\naddEmployee.getLastName().type(lastName);\naddEmployee.getLoginDetailsToggleButton().click({\n  force: true\n});\naddEmployee.getUsername().type(username);\naddEmployee.getPassword().type(password);\naddEmployee.getConfirmPassword().type(password);\naddEmployee.getEmployeeId().invoke('val').then(employeeId => {\n  cy.writeFile(`cypress/fixtures/${employeeDataFile}`, {\n    username,\n    password,\n    employeeId\n  });\n});\naddEmployee.getSaveButton().click({\n  force: true\n});\naddEmployee.getToastMessage().should(\"have.text\", \"Successfully Saved\");\ncy.waitTillElementIsVisible('h6');\ncy.get('h6').should(\"contain.text\", fullName);",
              "err": {
                "message": "CypressError: `cy.wait()` only accepts a number, an alias of a route, or an array of aliases of routes. You passed: `undefined`\n\nhttps://on.cypress.io/wait",
                "estack": "CypressError: `cy.wait()` only accepts a number, an alias of a route, or an array of aliases of routes. You passed: `undefined`\n\nhttps://on.cypress.io/wait\n    at throwErr (https://opensource-demo.orangehrmlive.com/__cypress/runner/cypress_runner.js:135620:64)\n    at Context.wait (https://opensource-demo.orangehrmlive.com/__cypress/runner/cypress_runner.js:135939:16)\n    at wrapped (https://opensource-demo.orangehrmlive.com/__cypress/runner/cypress_runner.js:138409:19)\nFrom Your Spec Code:\n    at AddEmployee.getToastMessage (webpack://cypress_e2e_orange_hrm/./cypress/pageObjects/addEmployee.js:34:11)\n    at Context.eval (webpack://cypress_e2e_orange_hrm/./cypress/e2e/orangehrm_e2e.cy.js:86:16)",
                "diff": null
              },
              "uuid": "7e617b3a-e24b-4194-98ba-7a44d383d834",
              "parentUUID": "d81170a6-c154-48dc-a975-61c6c0b55884",
              "isHook": false,
              "skipped": false
            },
            {
              "title": "Search by Employee ID",
              "fullTitle": "OrangeHRM End to End Testing Search by Employee ID",
              "timedOut": null,
              "duration": 10218,
              "state": "failed",
              "speed": null,
              "pass": false,
              "fail": true,
              "pending": false,
              "context": "{\n  \"title\": \"cypress-mochawesome-reporter-screenshots\",\n  \"value\": [\n    [\n      \"\\\\orangehrm_e2e.cy.js\\\\OrangeHRM End to End Testing -- Search by Employee ID (failed).png\"\n    ]\n  ]\n}",
              "code": "const mainMenu = new _mainMenu.default();\nconst addEmployee = new _addEmployee.default();\ncy.visit(lastUrl);\nmainMenu.getPIM().click();\ncy.waitTillElementIsVisible('h6');\ncy.get('h6').should(\"contain.text\", 'PIM');\ncy.fixture(employeeDataFile).then(employee => {\n  addEmployee.getEmployeeId().type(employee.employeeId);\n  addEmployee.getSearchEmployeeButton().click({\n    force: true\n  });\n  addEmployee.getTableCell().contains(employee.employeeId).should('be.visible');\n});",
              "err": {
                "message": "AssertionError: Timed out retrying after 4000ms: Expected to find element: `div[role='cell']`, but never found it. Queried from:\n\n              > cy.get(.orangehrm-employee-list)",
                "estack": "AssertionError: Timed out retrying after 4000ms: Expected to find element: `div[role='cell']`, but never found it. Queried from:\n\n              > cy.get(.orangehrm-employee-list)\n    at AddEmployee.getTableCell (webpack://cypress_e2e_orange_hrm/./cypress/pageObjects/addEmployee.js:46:50)\n    at Context.eval (webpack://cypress_e2e_orange_hrm/./cypress/e2e/orangehrm_e2e.cy.js:103:18)",
                "diff": null
              },
              "uuid": "c7751ee4-8c18-4b9e-9fd7-185dab9cd584",
              "parentUUID": "d81170a6-c154-48dc-a975-61c6c0b55884",
              "isHook": false,
              "skipped": false
            },
            {
              "title": "Search in Directory by Employee Name",
              "fullTitle": "OrangeHRM End to End Testing Search in Directory by Employee Name",
              "timedOut": null,
              "duration": 9699,
              "state": "failed",
              "speed": null,
              "pass": false,
              "fail": true,
              "pending": false,
              "context": "{\n  \"title\": \"cypress-mochawesome-reporter-screenshots\",\n  \"value\": [\n    [\n      \"\\\\orangehrm_e2e.cy.js\\\\OrangeHRM End to End Testing -- Search in Directory by Employee Name (failed).png\"\n    ]\n  ]\n}",
              "code": "cy.visit(lastUrl);\nconst mainMenu = new _mainMenu.default();\nconst directory = new _directory.default();\nmainMenu.getDirectory().click();\ncy.waitTillElementIsVisible('h6');\ncy.get('h6').should(\"contain.text\", 'Directory');\ncy.fixture(employeeDataFile).then(employee => {\n  directory.getEmployeeNameField().type(firstName);\n  directory.getAutoCompleteDropdown().click();\n  directory.getSearchButton().click();\n  directory.getEmployeeCardHeader().invoke('text').then(text => {\n    const normalizedText = text.replace(/\\s+/g, ' ').trim();\n    expect(normalizedText).to.eq(fullName);\n  });\n});",
              "err": {
                "message": "AssertionError: Timed out retrying after 4000ms: Expected to find element: `.oxd-autocomplete-option > span`, but never found it.",
                "estack": "AssertionError: Timed out retrying after 4000ms: Expected to find element: `.oxd-autocomplete-option > span`, but never found it.\n    at Directory.getAutoCompleteDropdown (webpack://cypress_e2e_orange_hrm/./cypress/pageObjects/directory.js:10:19)\n    at Context.eval (webpack://cypress_e2e_orange_hrm/./cypress/e2e/orangehrm_e2e.cy.js:117:16)",
                "diff": null
              },
              "uuid": "1860ad8a-1d99-480b-bcc2-14ee771ad822",
              "parentUUID": "d81170a6-c154-48dc-a975-61c6c0b55884",
              "isHook": false,
              "skipped": false
            },
            {
              "title": "Logout",
              "fullTitle": "OrangeHRM End to End Testing Logout",
              "timedOut": null,
              "duration": 3182,
              "state": "passed",
              "speed": "fast",
              "pass": true,
              "fail": false,
              "pending": false,
              "context": null,
              "code": "cy.visit(lastUrl);\nconst userMenu = new _userMenu.default();\nuserMenu.getUserMenu().click({\n  force: true\n});\nuserMenu.getLogoutOption().click({\n  force: true\n});\nadminUser = false;\ncy.clearCookies();\ncy.clearLocalStorage();",
              "err": {},
              "uuid": "806f9457-c66c-42d5-b7d0-d83b7e087ed0",
              "parentUUID": "d81170a6-c154-48dc-a975-61c6c0b55884",
              "isHook": false,
              "skipped": false
            },
            {
              "title": "Login with New Employee Credentials",
              "fullTitle": "OrangeHRM End to End Testing Login with New Employee Credentials",
              "timedOut": null,
              "duration": 18535,
              "state": "failed",
              "speed": null,
              "pass": false,
              "fail": true,
              "pending": false,
              "context": "{\n  \"title\": \"cypress-mochawesome-reporter-screenshots\",\n  \"value\": [\n    [\n      \"\\\\orangehrm_e2e.cy.js\\\\OrangeHRM End to End Testing -- Login with New Employee Credentials (failed).png\"\n    ]\n  ]\n}",
              "code": "cy.visit('/');\nconst userMenu = new _userMenu.default();\ncy.waitTillElementIsVisible('h6');\ncy.get('h6').should(\"have.text\", \"Dashboard\");\nuserMenu.getUserNameText().should('contain.text', fullName);",
              "err": {
                "message": "AssertionError: Timed out retrying after 10000ms: Expected to find element: `h6`, but never found it.",
                "estack": "AssertionError: Timed out retrying after 10000ms: Expected to find element: `h6`, but never found it.\n    at Context.eval (webpack://cypress_e2e_orange_hrm/./cypress/support/commands.js:21:32)",
                "diff": null
              },
              "uuid": "43343a45-8537-4992-8297-9eafe7c91b4d",
              "parentUUID": "d81170a6-c154-48dc-a975-61c6c0b55884",
              "isHook": false,
              "skipped": false
            },
            {
              "title": "Update User Info",
              "fullTitle": "OrangeHRM End to End Testing Update User Info",
              "timedOut": null,
              "duration": 6361,
              "state": "failed",
              "speed": null,
              "pass": false,
              "fail": true,
              "pending": false,
              "context": "{\n  \"title\": \"cypress-mochawesome-reporter-screenshots\",\n  \"value\": [\n    [\n      \"\\\\orangehrm_e2e.cy.js\\\\OrangeHRM End to End Testing -- Update User Info (failed).png\"\n    ]\n  ]\n}",
              "code": "const myInfo = new _myInfoPage.default();\ncy.visit(lastUrl);\nconst mainMenu = new _mainMenu.default();\nmainMenu.getMyInfo().click({\n  force: true\n});\ncy.waitTillElementIsVisible('h6');\ncy.get('h6').should(\"contain.text\", fullName);\nmyInfo.getFemaleGenderRadioButton().scrollIntoView().click({\n  force: true\n});\nmyInfo.getPersonalDetailsSaveButton().click({\n  force: true\n});\nmyInfo.getBloodGroupDropdown().scrollIntoView().click({\n  force: true\n});\nmyInfo.SelectBloodGroup('O+').click({\n  force: true\n});\nmyInfo.getCustomDetailsSaveButton().click({\n  force: true\n});\nmyInfo.getSuccessToastMessage().should(\"have.text\", \"Successfully Saved\");",
              "err": {
                "message": "AssertionError: Timed out retrying after 4000ms: Expected to find element: `.oxd-main-menu`, but never found it.",
                "estack": "AssertionError: Timed out retrying after 4000ms: Expected to find element: `.oxd-main-menu`, but never found it.\n    at MainMenu.getMyInfo (webpack://cypress_e2e_orange_hrm/./cypress/pageObjects/mainMenu.js:16:18)\n    at Context.eval (webpack://cypress_e2e_orange_hrm/./cypress/e2e/orangehrm_e2e.cy.js:156:13)",
                "diff": null
              },
              "uuid": "9540ae47-48eb-495f-a63c-6457f16b95e8",
              "parentUUID": "d81170a6-c154-48dc-a975-61c6c0b55884",
              "isHook": false,
              "skipped": false
            },
            {
              "title": "Logout as New Employee",
              "fullTitle": "OrangeHRM End to End Testing Logout as New Employee",
              "timedOut": null,
              "duration": 6804,
              "state": "failed",
              "speed": null,
              "pass": false,
              "fail": true,
              "pending": false,
              "context": "{\n  \"title\": \"cypress-mochawesome-reporter-screenshots\",\n  \"value\": [\n    [\n      \"\\\\orangehrm_e2e.cy.js\\\\OrangeHRM End to End Testing -- Logout as New Employee (failed).png\"\n    ]\n  ]\n}",
              "code": "cy.visit(lastUrl);\nconst userMenu = new _userMenu.default();\nuserMenu.getUserMenu().click({\n  force: true\n});\nuserMenu.getLogoutOption().click({\n  force: true\n});\nadminUser = false;\ncy.clearCookies();\ncy.clearLocalStorage();",
              "err": {
                "message": "AssertionError: Timed out retrying after 4000ms: Expected to find element: `.oxd-userdropdown`, but never found it.",
                "estack": "AssertionError: Timed out retrying after 4000ms: Expected to find element: `.oxd-userdropdown`, but never found it.\n    at UserMenu.getUserMenu (webpack://cypress_e2e_orange_hrm/./cypress/pageObjects/userMenu.js:4:20)\n    at Context.eval (webpack://cypress_e2e_orange_hrm/./cypress/e2e/orangehrm_e2e.cy.js:171:13)",
                "diff": null
              },
              "uuid": "0541f4d2-90a7-45e6-a512-69bb770f7d30",
              "parentUUID": "d81170a6-c154-48dc-a975-61c6c0b55884",
              "isHook": false,
              "skipped": false
            }
          ],
          "suites": [],
          "passes": [
            "806f9457-c66c-42d5-b7d0-d83b7e087ed0"
          ],
          "failures": [
            "7e617b3a-e24b-4194-98ba-7a44d383d834",
            "c7751ee4-8c18-4b9e-9fd7-185dab9cd584",
            "1860ad8a-1d99-480b-bcc2-14ee771ad822",
            "43343a45-8537-4992-8297-9eafe7c91b4d",
            "9540ae47-48eb-495f-a63c-6457f16b95e8",
            "0541f4d2-90a7-45e6-a512-69bb770f7d30"
          ],
          "pending": [],
          "skipped": [],
          "duration": 77398,
          "root": false,
          "rootEmpty": false,
          "_timeout": 2000
        }
      ],
      "passes": [],
      "failures": [],
      "pending": [],
      "skipped": [],
      "duration": 0,
      "root": true,
      "rootEmpty": true,
      "_timeout": 2000
    }
  ],
  "meta": {
    "mocha": {
      "version": "7.0.1"
    },
    "mochawesome": {
      "options": {
        "quiet": false,
        "reportFilename": "mochawesome",
        "saveHtml": false,
        "saveJson": true,
        "consoleReporter": "spec",
        "useInlineDiffs": false,
        "code": true
      },
      "version": "7.1.3"
    },
    "marge": {
      "options": {
        "charts": true,
        "reportPageTitle": "custom-title",
        "embeddedScreenshots": true,
        "inlineAssets": true,
        "saveAllAttempts": false,
        "html": false,
        "reportDir": "cypress\\reports\\.jsons",
        "overwrite": false,
        "json": true
      },
      "version": "6.2.0"
    }
  }
}