{
  "stats": {
    "suites": 1,
    "tests": 7,
    "passes": 6,
    "pending": 0,
    "failures": 1,
    "start": "2024-09-01T11:37:52.372Z",
    "end": "2024-09-01T11:39:03.476Z",
    "duration": 71104,
    "testsRegistered": 7,
    "passPercent": 85.71428571428571,
    "pendingPercent": 0,
    "other": 0,
    "hasOther": false,
    "skipped": 0,
    "hasSkipped": false
  },
  "results": [
    {
      "uuid": "320baf54-75bf-4bf4-9731-b7a2fed1ba1b",
      "title": "",
      "fullFile": "cypress\\e2e\\orangehrm_e2e.cy.js",
      "file": "cypress\\e2e\\orangehrm_e2e.cy.js",
      "beforeHooks": [],
      "afterHooks": [],
      "tests": [],
      "suites": [
        {
          "uuid": "33fa2f2c-54cb-4468-8b4b-ac4408ad139e",
          "title": "OrangeHRM End to End Testing",
          "fullFile": "",
          "file": "",
          "beforeHooks": [],
          "afterHooks": [],
          "tests": [
            {
              "title": "Creating a New Employee",
              "fullTitle": "OrangeHRM End to End Testing Creating a New Employee",
              "timedOut": null,
              "duration": 27806,
              "state": "passed",
              "speed": "slow",
              "pass": true,
              "fail": false,
              "pending": false,
              "context": null,
              "code": "const mainMenu = new _mainMenu.default();\nconst addEmployee = new _addEmployee.default();\ncy.visit('/');\ncy.waitTillElementIsVisible('h6');\ncy.get('h6').should(\"have.text\", \"Dashboard\");\nmainMenu.getPIM().click();\naddEmployee.getAddButton().click();\naddEmployee.getFirstName().type(firstName);\naddEmployee.getLastName().type(lastName);\naddEmployee.getLoginDetailsToggleButton().click({\n  force: true\n});\naddEmployee.getUsername().type(username);\naddEmployee.getPassword().type(password);\naddEmployee.getConfirmPassword().type(password);\naddEmployee.getEmployeeId().invoke('val').then(employeeId => {\n  cy.writeFile(`cypress/fixtures/${employeeDataFile}`, {\n    username,\n    password,\n    employeeId\n  });\n});\naddEmployee.getSaveButton().click({\n  force: true\n});\naddEmployee.getToastMessage().should(\"have.text\", \"Successfully Saved\");\ncy.waitTillElementIsVisible('h6');\ncy.get('h6').should(\"contain.text\", fullName);",
              "err": {},
              "uuid": "4ac86837-61af-452c-a601-56b9ed1ccb48",
              "parentUUID": "33fa2f2c-54cb-4468-8b4b-ac4408ad139e",
              "isHook": false,
              "skipped": false
            },
            {
              "title": "Search by Employee ID",
              "fullTitle": "OrangeHRM End to End Testing Search by Employee ID",
              "timedOut": null,
              "duration": 5418,
              "state": "passed",
              "speed": "medium",
              "pass": true,
              "fail": false,
              "pending": false,
              "context": null,
              "code": "const mainMenu = new _mainMenu.default();\nconst addEmployee = new _addEmployee.default();\ncy.visit(lastUrl);\nmainMenu.getPIM().click();\ncy.waitTillElementIsVisible('h6');\ncy.get('h6').should(\"contain.text\", 'PIM');\ncy.fixture(employeeDataFile).then(employee => {\n  addEmployee.getEmployeeId().type(employee.employeeId);\n  addEmployee.getSearchEmployeeButton().click({\n    force: true\n  });\n  addEmployee.getTableCell().contains(employee.employeeId).should('be.visible');\n});",
              "err": {},
              "uuid": "1c754393-850f-4670-8961-e0a880373a3b",
              "parentUUID": "33fa2f2c-54cb-4468-8b4b-ac4408ad139e",
              "isHook": false,
              "skipped": false
            },
            {
              "title": "Search in Directory by Employee Name",
              "fullTitle": "OrangeHRM End to End Testing Search in Directory by Employee Name",
              "timedOut": null,
              "duration": 5420,
              "state": "passed",
              "speed": "medium",
              "pass": true,
              "fail": false,
              "pending": false,
              "context": null,
              "code": "cy.visit(lastUrl);\nconst mainMenu = new _mainMenu.default();\nconst directory = new _directory.default();\nmainMenu.getDirectory().click();\ncy.waitTillElementIsVisible('h6');\ncy.get('h6').should(\"contain.text\", 'Directory');\ncy.fixture(employeeDataFile).then(employee => {\n  directory.getEmployeeNameField().type(firstName);\n  directory.getAutoCompleteDropdown().click();\n  directory.getSearchButton().click();\n  directory.getEmployeeCardHeader().invoke('text').then(text => {\n    const normalizedText = text.replace(/\\s+/g, ' ').trim();\n    expect(normalizedText).to.eq(fullName);\n  });\n});",
              "err": {},
              "uuid": "2c50aaa4-ceac-4b43-8ed9-a5006797cc89",
              "parentUUID": "33fa2f2c-54cb-4468-8b4b-ac4408ad139e",
              "isHook": false,
              "skipped": false
            },
            {
              "title": "Logout",
              "fullTitle": "OrangeHRM End to End Testing Logout",
              "timedOut": null,
              "duration": 3847,
              "state": "passed",
              "speed": "fast",
              "pass": true,
              "fail": false,
              "pending": false,
              "context": null,
              "code": "cy.visit(lastUrl);\nconst userMenu = new _userMenu.default();\nuserMenu.getUserMenu().click({\n  force: true\n});\nuserMenu.getLogoutOption().click({\n  force: true\n});\nadminUser = false;\ncy.clearCookies();\ncy.clearLocalStorage();",
              "err": {},
              "uuid": "5e25b101-ea7f-47d0-9b3e-7785ccf41f04",
              "parentUUID": "33fa2f2c-54cb-4468-8b4b-ac4408ad139e",
              "isHook": false,
              "skipped": false
            },
            {
              "title": "Login with New Employee Credentials",
              "fullTitle": "OrangeHRM End to End Testing Login with New Employee Credentials",
              "timedOut": null,
              "duration": 8471,
              "state": "passed",
              "speed": "medium",
              "pass": true,
              "fail": false,
              "pending": false,
              "context": null,
              "code": "cy.visit('/');\nconst userMenu = new _userMenu.default();\ncy.waitTillElementIsVisible('h6');\ncy.get('h6').should(\"have.text\", \"Dashboard\");\nuserMenu.getUserNameText().should('contain.text', fullName);",
              "err": {},
              "uuid": "e059e4b7-0ec4-472a-bffd-121c24daff94",
              "parentUUID": "33fa2f2c-54cb-4468-8b4b-ac4408ad139e",
              "isHook": false,
              "skipped": false
            },
            {
              "title": "Update User Info",
              "fullTitle": "OrangeHRM End to End Testing Update User Info",
              "timedOut": null,
              "duration": 12654,
              "state": "failed",
              "speed": null,
              "pass": false,
              "fail": true,
              "pending": false,
              "context": "{\n  \"title\": \"cypress-mochawesome-reporter-screenshots\",\n  \"value\": [\n    [\n      \"\\\\orangehrm_e2e.cy.js\\\\OrangeHRM End to End Testing -- Update User Info (failed).png\"\n    ]\n  ]\n}",
              "code": "const myInfo = new _myInfoPage.default();\ncy.visit(lastUrl);\nconst mainMenu = new _mainMenu.default();\nmainMenu.getMyInfo().click({\n  force: true\n});\ncy.waitTillElementIsVisible('h6');\ncy.get('h6').should(\"contain.text\", fullName);\nmyInfo.getFemaleGenderRadioButton().scrollIntoView().click({\n  force: true\n});\nmyInfo.getPersonalDetailsSaveButton().click({\n  force: true\n});\nmyInfo.getBloodGroupDropdown().scrollIntoView().click({\n  force: true\n});\nmyInfo.SelectBloodGroup('O+').click({\n  force: true\n});\nmyInfo.getCustomDetailsSaveButton().click({\n  force: true\n});\nmyInfo.getSuccessToastMessage().should(\"have.text\", \"Successfully Saved\");",
              "err": {
                "message": "AssertionError: Timed out retrying after 4000ms: Expected to find element: `.oxd-text--toast-message`, but never found it.",
                "estack": "AssertionError: Timed out retrying after 4000ms: Expected to find element: `.oxd-text--toast-message`, but never found it.\n    at Context.eval (webpack://cypress_e2e_orange_hrm/./cypress/e2e/orangehrm_e2e.cy.js:164:36)",
                "diff": null
              },
              "uuid": "588d1196-57d7-47ff-8d83-cc65cb416026",
              "parentUUID": "33fa2f2c-54cb-4468-8b4b-ac4408ad139e",
              "isHook": false,
              "skipped": false
            },
            {
              "title": "Logout as New Employee",
              "fullTitle": "OrangeHRM End to End Testing Logout as New Employee",
              "timedOut": null,
              "duration": 4727,
              "state": "passed",
              "speed": "fast",
              "pass": true,
              "fail": false,
              "pending": false,
              "context": null,
              "code": "cy.visit(lastUrl);\nconst userMenu = new _userMenu.default();\nuserMenu.getUserMenu().click({\n  force: true\n});\nuserMenu.getLogoutOption().click({\n  force: true\n});\nadminUser = false;\ncy.clearCookies();\ncy.clearLocalStorage();",
              "err": {},
              "uuid": "37b095af-aebd-4756-848b-d4a3db276b5c",
              "parentUUID": "33fa2f2c-54cb-4468-8b4b-ac4408ad139e",
              "isHook": false,
              "skipped": false
            }
          ],
          "suites": [],
          "passes": [
            "4ac86837-61af-452c-a601-56b9ed1ccb48",
            "1c754393-850f-4670-8961-e0a880373a3b",
            "2c50aaa4-ceac-4b43-8ed9-a5006797cc89",
            "5e25b101-ea7f-47d0-9b3e-7785ccf41f04",
            "e059e4b7-0ec4-472a-bffd-121c24daff94",
            "37b095af-aebd-4756-848b-d4a3db276b5c"
          ],
          "failures": [
            "588d1196-57d7-47ff-8d83-cc65cb416026"
          ],
          "pending": [],
          "skipped": [],
          "duration": 68343,
          "root": false,
          "rootEmpty": false,
          "_timeout": 2000
        }
      ],
      "passes": [],
      "failures": [],
      "pending": [],
      "skipped": [],
      "duration": 0,
      "root": true,
      "rootEmpty": true,
      "_timeout": 2000
    }
  ],
  "meta": {
    "mocha": {
      "version": "7.0.1"
    },
    "mochawesome": {
      "options": {
        "quiet": false,
        "reportFilename": "mochawesome",
        "saveHtml": false,
        "saveJson": true,
        "consoleReporter": "spec",
        "useInlineDiffs": false,
        "code": true
      },
      "version": "7.1.3"
    },
    "marge": {
      "options": {
        "charts": true,
        "reportPageTitle": "custom-title",
        "embeddedScreenshots": true,
        "inlineAssets": true,
        "saveAllAttempts": false,
        "html": false,
        "reportDir": "cypress\\reports\\.jsons",
        "overwrite": false,
        "json": true
      },
      "version": "6.2.0"
    }
  }
}