{
  "stats": {
    "suites": 1,
    "tests": 7,
    "passes": 7,
    "pending": 0,
    "failures": 0,
    "start": "2024-09-01T11:43:01.714Z",
    "end": "2024-09-01T11:44:04.475Z",
    "duration": 62761,
    "testsRegistered": 7,
    "passPercent": 100,
    "pendingPercent": 0,
    "other": 0,
    "hasOther": false,
    "skipped": 0,
    "hasSkipped": false
  },
  "results": [
    {
      "uuid": "6c98dcb8-78f0-4faa-9912-49fd7497666d",
      "title": "",
      "fullFile": "cypress\\e2e\\orangehrm_e2e.cy.js",
      "file": "cypress\\e2e\\orangehrm_e2e.cy.js",
      "beforeHooks": [],
      "afterHooks": [],
      "tests": [],
      "suites": [
        {
          "uuid": "49ea67c8-4a6c-49c6-b788-af6a5b7cd279",
          "title": "OrangeHRM End to End Testing",
          "fullFile": "",
          "file": "",
          "beforeHooks": [],
          "afterHooks": [],
          "tests": [
            {
              "title": "Creating a New Employee",
              "fullTitle": "OrangeHRM End to End Testing Creating a New Employee",
              "timedOut": null,
              "duration": 27694,
              "state": "passed",
              "speed": "slow",
              "pass": true,
              "fail": false,
              "pending": false,
              "context": null,
              "code": "const mainMenu = new _mainMenu.default();\nconst addEmployee = new _addEmployee.default();\ncy.visit('/');\ncy.waitTillElementIsVisible('h6');\ncy.get('h6').should(\"have.text\", \"Dashboard\");\nmainMenu.getPIM().click();\naddEmployee.getAddButton().click();\naddEmployee.getFirstName().type(firstName);\naddEmployee.getLastName().type(lastName);\naddEmployee.getLoginDetailsToggleButton().click({\n  force: true\n});\naddEmployee.getUsername().type(username);\naddEmployee.getPassword().type(password);\naddEmployee.getConfirmPassword().type(password);\naddEmployee.getEmployeeId().invoke('val').then(employeeId => {\n  cy.writeFile(`cypress/fixtures/${employeeDataFile}`, {\n    username,\n    password,\n    employeeId\n  });\n});\naddEmployee.getSaveButton().click({\n  force: true\n});\naddEmployee.getToastMessage().should(\"have.text\", \"Successfully Saved\");\ncy.waitTillElementIsVisible('h6');\ncy.get('h6').should(\"contain.text\", fullName);",
              "err": {},
              "uuid": "67b7e896-fc1f-4d73-bea4-57a037e3a584",
              "parentUUID": "49ea67c8-4a6c-49c6-b788-af6a5b7cd279",
              "isHook": false,
              "skipped": false
            },
            {
              "title": "Search by Employee ID",
              "fullTitle": "OrangeHRM End to End Testing Search by Employee ID",
              "timedOut": null,
              "duration": 5796,
              "state": "passed",
              "speed": "medium",
              "pass": true,
              "fail": false,
              "pending": false,
              "context": null,
              "code": "const mainMenu = new _mainMenu.default();\nconst addEmployee = new _addEmployee.default();\ncy.visit(lastUrl);\nmainMenu.getPIM().click();\ncy.waitTillElementIsVisible('h6');\ncy.get('h6').should(\"contain.text\", 'PIM');\ncy.fixture(employeeDataFile).then(employee => {\n  addEmployee.getEmployeeId().type(employee.employeeId);\n  addEmployee.getSearchEmployeeButton().click({\n    force: true\n  });\n  addEmployee.getTableCell().contains(employee.employeeId).should('be.visible');\n});",
              "err": {},
              "uuid": "ac423ed6-3b20-41a8-9e2f-d54c32bb374e",
              "parentUUID": "49ea67c8-4a6c-49c6-b788-af6a5b7cd279",
              "isHook": false,
              "skipped": false
            },
            {
              "title": "Search in Directory by Employee Name",
              "fullTitle": "OrangeHRM End to End Testing Search in Directory by Employee Name",
              "timedOut": null,
              "duration": 6010,
              "state": "passed",
              "speed": "medium",
              "pass": true,
              "fail": false,
              "pending": false,
              "context": null,
              "code": "cy.visit(lastUrl);\nconst mainMenu = new _mainMenu.default();\nconst directory = new _directory.default();\nmainMenu.getDirectory().click();\ncy.waitTillElementIsVisible('h6');\ncy.get('h6').should(\"contain.text\", 'Directory');\ncy.fixture(employeeDataFile).then(employee => {\n  directory.getEmployeeNameField().type(firstName);\n  directory.getAutoCompleteDropdown().click();\n  directory.getSearchButton().click();\n  directory.getEmployeeCardHeader().invoke('text').then(text => {\n    const normalizedText = text.replace(/\\s+/g, ' ').trim();\n    expect(normalizedText).to.eq(fullName);\n  });\n});",
              "err": {},
              "uuid": "1db1baac-dfbe-4127-ac9a-db95625e8081",
              "parentUUID": "49ea67c8-4a6c-49c6-b788-af6a5b7cd279",
              "isHook": false,
              "skipped": false
            },
            {
              "title": "Logout",
              "fullTitle": "OrangeHRM End to End Testing Logout",
              "timedOut": null,
              "duration": 3205,
              "state": "passed",
              "speed": "fast",
              "pass": true,
              "fail": false,
              "pending": false,
              "context": null,
              "code": "cy.visit(lastUrl);\nconst userMenu = new _userMenu.default();\nuserMenu.getUserMenu().click({\n  force: true\n});\nuserMenu.getLogoutOption().click({\n  force: true\n});\nadminUser = false;\ncy.clearCookies();\ncy.clearLocalStorage();",
              "err": {},
              "uuid": "08057d41-efac-4574-b1eb-b0aa77328912",
              "parentUUID": "49ea67c8-4a6c-49c6-b788-af6a5b7cd279",
              "isHook": false,
              "skipped": false
            },
            {
              "title": "Login with New Employee Credentials",
              "fullTitle": "OrangeHRM End to End Testing Login with New Employee Credentials",
              "timedOut": null,
              "duration": 7024,
              "state": "passed",
              "speed": "medium",
              "pass": true,
              "fail": false,
              "pending": false,
              "context": null,
              "code": "cy.visit('/');\nconst userMenu = new _userMenu.default();\ncy.waitTillElementIsVisible('h6');\ncy.get('h6').should(\"have.text\", \"Dashboard\");\nuserMenu.getUserNameText().should('contain.text', fullName);",
              "err": {},
              "uuid": "c0406bc4-56b4-468d-b867-3b57cdf90a21",
              "parentUUID": "49ea67c8-4a6c-49c6-b788-af6a5b7cd279",
              "isHook": false,
              "skipped": false
            },
            {
              "title": "Update User Info",
              "fullTitle": "OrangeHRM End to End Testing Update User Info",
              "timedOut": null,
              "duration": 6665,
              "state": "passed",
              "speed": "medium",
              "pass": true,
              "fail": false,
              "pending": false,
              "context": null,
              "code": "const myInfo = new _myInfoPage.default();\ncy.visit(lastUrl);\nconst mainMenu = new _mainMenu.default();\nmainMenu.getMyInfo().click({\n  force: true\n});\ncy.waitTillElementIsVisible('h6');\ncy.get('h6').should(\"contain.text\", fullName);\nmyInfo.getFemaleGenderRadioButton().scrollIntoView().click({\n  force: true\n});\nmyInfo.getPersonalDetailsSaveButton().click({\n  force: true\n});\nmyInfo.getBloodGroupDropdown().scrollIntoView().click({\n  force: true\n});\nmyInfo.SelectBloodGroup('O+').click({\n  force: true\n});\nmyInfo.getCustomDetailsSaveButton().click({\n  force: true\n});\nmyInfo.getSuccessToastMessage().should(\"have.text\", \"Successfully Saved\");",
              "err": {},
              "uuid": "a0bff425-06f4-40ec-987b-a06c60b08241",
              "parentUUID": "49ea67c8-4a6c-49c6-b788-af6a5b7cd279",
              "isHook": false,
              "skipped": false
            },
            {
              "title": "Logout as New Employee",
              "fullTitle": "OrangeHRM End to End Testing Logout as New Employee",
              "timedOut": null,
              "duration": 3311,
              "state": "passed",
              "speed": "fast",
              "pass": true,
              "fail": false,
              "pending": false,
              "context": null,
              "code": "cy.visit(lastUrl);\nconst userMenu = new _userMenu.default();\nuserMenu.getUserMenu().click({\n  force: true\n});\nuserMenu.getLogoutOption().click({\n  force: true\n});\nadminUser = false;\ncy.clearCookies();\ncy.clearLocalStorage();",
              "err": {},
              "uuid": "218c2659-ba38-4619-a5f9-6dc232855ff1",
              "parentUUID": "49ea67c8-4a6c-49c6-b788-af6a5b7cd279",
              "isHook": false,
              "skipped": false
            }
          ],
          "suites": [],
          "passes": [
            "67b7e896-fc1f-4d73-bea4-57a037e3a584",
            "ac423ed6-3b20-41a8-9e2f-d54c32bb374e",
            "1db1baac-dfbe-4127-ac9a-db95625e8081",
            "08057d41-efac-4574-b1eb-b0aa77328912",
            "c0406bc4-56b4-468d-b867-3b57cdf90a21",
            "a0bff425-06f4-40ec-987b-a06c60b08241",
            "218c2659-ba38-4619-a5f9-6dc232855ff1"
          ],
          "failures": [],
          "pending": [],
          "skipped": [],
          "duration": 59705,
          "root": false,
          "rootEmpty": false,
          "_timeout": 2000
        }
      ],
      "passes": [],
      "failures": [],
      "pending": [],
      "skipped": [],
      "duration": 0,
      "root": true,
      "rootEmpty": true,
      "_timeout": 2000
    }
  ],
  "meta": {
    "mocha": {
      "version": "7.0.1"
    },
    "mochawesome": {
      "options": {
        "quiet": false,
        "reportFilename": "mochawesome",
        "saveHtml": false,
        "saveJson": true,
        "consoleReporter": "spec",
        "useInlineDiffs": false,
        "code": true
      },
      "version": "7.1.3"
    },
    "marge": {
      "options": {
        "charts": true,
        "reportPageTitle": "custom-title",
        "embeddedScreenshots": true,
        "inlineAssets": true,
        "saveAllAttempts": false,
        "html": false,
        "reportDir": "cypress\\reports\\.jsons",
        "overwrite": false,
        "json": true
      },
      "version": "6.2.0"
    }
  }
}